<?xml version="1.0" encoding="UTF-8"?>
<!-- Generated by org.testng.reporters.JUnitXMLReporter -->
<testsuite ignored="0" hostname="GovekarP4" failures="0" tests="5" name="Login Validation" time="9.077" errors="0" timestamp="2026-07-09T16:43:17 IST">
  <testcase classname="tests.LoginTest" name="VerifyLogin" time="0.28"/>
  <testcase classname="tests.LoginTest" name="VerifyLogin" time="0.261"/>
  <testcase classname="tests.LoginTest" name="VerifyLogin" time="0.233"/>
  <testcase classname="tests.LoginTest" name="VerifyLogin" time="0.244"/>
  <testcase classname="tests.LoginTest" name="VerifyLogin" time="0.243"/>
</testsuite> <!-- Login Validation -->
