<?xml version="1.0" encoding="UTF-8"?>
<!-- Generated by org.testng.reporters.JUnitXMLReporter -->
<testsuite ignored="0" hostname="GovekarP4" failures="0" tests="5" name="Login Validation" time="12.729" errors="0" timestamp="2026-07-10T11:28:59 IST">
  <testcase classname="tests.LoginTest" name="VerifyLogin" time="0.279"/>
  <testcase classname="tests.LoginTest" name="VerifyLogin" time="0.25"/>
  <testcase classname="tests.LoginTest" name="VerifyLogin" time="0.237"/>
  <testcase classname="tests.LoginTest" name="VerifyLogin" time="0.242"/>
  <testcase classname="tests.LoginTest" name="VerifyLogin" time="0.237"/>
</testsuite> <!-- Login Validation -->
