<?xml version="1.0" encoding="UTF-8"?>
<testng-results ignored="0" total="6" passed="6" failed="0" skipped="0">
  <reporter-output>
  </reporter-output>
  <suite started-at="2026-07-10T11:28:46 IST" name="Ecommerce Suite" finished-at="2026-07-10T11:29:02 IST" duration-ms="16194">
    <groups>
    </groups>
    <test started-at="2026-07-10T11:28:46 IST" name="Login Validation" finished-at="2026-07-10T11:28:59 IST" duration-ms="12729">
      <class name="tests.LoginTest">
        <test-method is-config="true" signature="setup()[pri:0, instance:tests.LoginTest@61c4eee0]" started-at="2026-07-10T11:28:46 IST" name="setup" finished-at="2026-07-10T11:28:49 IST" duration-ms="2428" status="PASS">
          <reporter-output>
          </reporter-output>
        </test-method> <!-- setup -->
        <test-method signature="VerifyLogin(data.LoginData)[pri:0, instance:tests.LoginTest@61c4eee0]" started-at="2026-07-10T11:28:49 IST" name="VerifyLogin" data-provider="loginData" finished-at="2026-07-10T11:28:49 IST" duration-ms="279" status="PASS">
          <params>
            <param index="0">
              <value>
                <![CDATA[data.LoginData@37a64f9d]]>
              </value>
            </param>
          </params>
          <reporter-output>
          </reporter-output>
        </test-method> <!-- VerifyLogin -->
        <test-method is-config="true" signature="tearDown()[pri:0, instance:tests.LoginTest@61c4eee0]" started-at="2026-07-10T11:28:49 IST" name="tearDown" finished-at="2026-07-10T11:28:50 IST" duration-ms="183" status="PASS">
          <reporter-output>
          </reporter-output>
        </test-method> <!-- tearDown -->
        <test-method is-config="true" signature="setup()[pri:0, instance:tests.LoginTest@61c4eee0]" started-at="2026-07-10T11:28:50 IST" name="setup" finished-at="2026-07-10T11:28:51 IST" duration-ms="1896" status="PASS">
          <reporter-output>
          </reporter-output>
        </test-method> <!-- setup -->
        <test-method signature="VerifyLogin(data.LoginData)[pri:0, instance:tests.LoginTest@61c4eee0]" started-at="2026-07-10T11:28:51 IST" name="VerifyLogin" data-provider="loginData" finished-at="2026-07-10T11:28:52 IST" duration-ms="250" status="PASS">
          <params>
            <param index="0">
              <value>
                <![CDATA[data.LoginData@6a9d5dff]]>
              </value>
            </param>
          </params>
          <reporter-output>
          </reporter-output>
        </test-method> <!-- VerifyLogin -->
        <test-method is-config="true" signature="tearDown()[pri:0, instance:tests.LoginTest@61c4eee0]" started-at="2026-07-10T11:28:52 IST" name="tearDown" finished-at="2026-07-10T11:28:52 IST" duration-ms="184" status="PASS">
          <reporter-output>
          </reporter-output>
        </test-method> <!-- tearDown -->
        <test-method is-config="true" signature="setup()[pri:0, instance:tests.LoginTest@61c4eee0]" started-at="2026-07-10T11:28:52 IST" name="setup" finished-at="2026-07-10T11:28:54 IST" duration-ms="1809" status="PASS">
          <reporter-output>
          </reporter-output>
        </test-method> <!-- setup -->
        <test-method signature="VerifyLogin(data.LoginData)[pri:0, instance:tests.LoginTest@61c4eee0]" started-at="2026-07-10T11:28:54 IST" name="VerifyLogin" data-provider="loginData" finished-at="2026-07-10T11:28:54 IST" duration-ms="237" status="PASS">
          <params>
            <param index="0">
              <value>
                <![CDATA[data.LoginData@2063c53e]]>
              </value>
            </param>
          </params>
          <reporter-output>
          </reporter-output>
        </test-method> <!-- VerifyLogin -->
        <test-method is-config="true" signature="tearDown()[pri:0, instance:tests.LoginTest@61c4eee0]" started-at="2026-07-10T11:28:54 IST" name="tearDown" finished-at="2026-07-10T11:28:54 IST" duration-ms="148" status="PASS">
          <reporter-output>
          </reporter-output>
        </test-method> <!-- tearDown -->
        <test-method is-config="true" signature="setup()[pri:0, instance:tests.LoginTest@61c4eee0]" started-at="2026-07-10T11:28:54 IST" name="setup" finished-at="2026-07-10T11:28:56 IST" duration-ms="1860" status="PASS">
          <reporter-output>
          </reporter-output>
        </test-method> <!-- setup -->
        <test-method signature="VerifyLogin(data.LoginData)[pri:0, instance:tests.LoginTest@61c4eee0]" started-at="2026-07-10T11:28:56 IST" name="VerifyLogin" data-provider="loginData" finished-at="2026-07-10T11:28:56 IST" duration-ms="242" status="PASS">
          <params>
            <param index="0">
              <value>
                <![CDATA[data.LoginData@3cd206b5]]>
              </value>
            </param>
          </params>
          <reporter-output>
          </reporter-output>
        </test-method> <!-- VerifyLogin -->
        <test-method is-config="true" signature="tearDown()[pri:0, instance:tests.LoginTest@61c4eee0]" started-at="2026-07-10T11:28:56 IST" name="tearDown" finished-at="2026-07-10T11:28:57 IST" duration-ms="156" status="PASS">
          <reporter-output>
          </reporter-output>
        </test-method> <!-- tearDown -->
        <test-method is-config="true" signature="setup()[pri:0, instance:tests.LoginTest@61c4eee0]" started-at="2026-07-10T11:28:57 IST" name="setup" finished-at="2026-07-10T11:28:58 IST" duration-ms="1783" status="PASS">
          <reporter-output>
          </reporter-output>
        </test-method> <!-- setup -->
        <test-method signature="VerifyLogin(data.LoginData)[pri:0, instance:tests.LoginTest@61c4eee0]" started-at="2026-07-10T11:28:58 IST" name="VerifyLogin" data-provider="loginData" finished-at="2026-07-10T11:28:59 IST" duration-ms="237" status="PASS">
          <params>
            <param index="0">
              <value>
                <![CDATA[data.LoginData@4da9f723]]>
              </value>
            </param>
          </params>
          <reporter-output>
          </reporter-output>
        </test-method> <!-- VerifyLogin -->
        <test-method is-config="true" signature="tearDown()[pri:0, instance:tests.LoginTest@61c4eee0]" started-at="2026-07-10T11:28:59 IST" name="tearDown" finished-at="2026-07-10T11:28:59 IST" duration-ms="167" status="PASS">
          <reporter-output>
          </reporter-output>
        </test-method> <!-- tearDown -->
      </class> <!-- tests.LoginTest -->
    </test> <!-- Login Validation -->
    <test started-at="2026-07-10T11:28:59 IST" name="Framework Validation" finished-at="2026-07-10T11:29:02 IST" duration-ms="3199">
      <class name="tests.E2ETestFlow">
        <test-method is-config="true" signature="setup()[pri:0, instance:tests.E2ETestFlow@7139992f]" started-at="2026-07-10T11:28:59 IST" name="setup" finished-at="2026-07-10T11:29:01 IST" duration-ms="1874" status="PASS">
          <reporter-output>
          </reporter-output>
        </test-method> <!-- setup -->
        <test-method signature="EndtoEndFlow()[pri:0, instance:tests.E2ETestFlow@7139992f]" started-at="2026-07-10T11:29:01 IST" name="EndtoEndFlow" finished-at="2026-07-10T11:29:02 IST" duration-ms="1031" status="PASS">
          <reporter-output>
          </reporter-output>
        </test-method> <!-- EndtoEndFlow -->
        <test-method is-config="true" signature="tearDown()[pri:0, instance:tests.E2ETestFlow@7139992f]" started-at="2026-07-10T11:29:02 IST" name="tearDown" finished-at="2026-07-10T11:29:02 IST" duration-ms="177" status="PASS">
          <reporter-output>
          </reporter-output>
        </test-method> <!-- tearDown -->
      </class> <!-- tests.E2ETestFlow -->
    </test> <!-- Framework Validation -->
  </suite> <!-- Ecommerce Suite -->
</testng-results>
