<?xml version="1.0" encoding="UTF-8"?>
<!-- Generated by org.testng.reporters.JUnitReportReporter -->
<testsuite hostname="GovekarP4" failures="0" tests="5" name="tests.LoginTest" time="8.201" errors="0" timestamp="2026-07-09T16:43:20 IST" skipped="0">
  <testcase classname="tests.LoginTest" name="VerifyLogin" time="1.476"/>
  <testcase classname="tests.LoginTest" name="VerifyLogin" time="2.122"/>
  <testcase classname="tests.LoginTest" name="VerifyLogin" time="1.620"/>
  <testcase classname="tests.LoginTest" name="VerifyLogin" time="1.474"/>
  <testcase classname="tests.LoginTest" name="VerifyLogin" time="1.509"/>
</testsuite> <!-- tests.LoginTest -->
