<?xml version="1.0" encoding="UTF-8"?>
<!-- Generated by org.testng.reporters.JUnitReportReporter -->
<testsuite hostname="GovekarP4" failures="0" tests="5" name="tests.LoginTest" time="11.859" errors="0" timestamp="2026-07-10T11:29:02 IST" skipped="0">
  <testcase classname="tests.LoginTest" name="VerifyLogin" time="2.294"/>
  <testcase classname="tests.LoginTest" name="VerifyLogin" time="2.863"/>
  <testcase classname="tests.LoginTest" name="VerifyLogin" time="2.187"/>
  <testcase classname="tests.LoginTest" name="VerifyLogin" time="2.230"/>
  <testcase classname="tests.LoginTest" name="VerifyLogin" time="2.285"/>
</testsuite> <!-- tests.LoginTest -->
